# JRE version: OpenJDK Runtime Environment GraalVM CE 22.3.0 (17.0.5+8) (build 17.0.5+8-jvmci-22.3-b08)
# Java VM: OpenJDK 64-Bit Server VM GraalVM CE 22.3.0 (17.0.5+8-jvmci-22.3-b08, mixed mode, sharing, tiered, jvmci, jvmci compiler, compressed oops, compressed class ptrs, parallel gc, linux-amd64)
GC Precious Log:
 CPUs: 8 total, 1 available
 Memory: 1024M
 Large Page Support: Disabled
 NUMA Support: Disabled
 Compressed Oops: Enabled (32-bit)
 Alignments: Space 512K, Generation 512K, Heap 2M
 Heap Min Capacity: 100M
 Heap Initial Capacity: 100M
 Heap Max Capacity: 512M
 Pre-touch: Disabled
 Parallel Workers: 1
Heap:
 PSYoungGen      total 46592K, used 25087K [0x00000000f5580000, 0x00000000f9a00000, 0x0000000100000000)
  eden space 25088K, 99% used [0x00000000f5580000,0x00000000f6dffff8,0x00000000f6e00000)
  from space 21504K, 0% used [0x00000000f8300000,0x00000000f8300000,0x00000000f9800000)
  to   space 21504K, 0% used [0x00000000f6e00000,0x00000000f6e00000,0x00000000f8300000)
 ParOldGen       total 349696K, used 349695K [0x00000000e0000000, 0x00000000f5580000, 0x00000000f5580000)
  object space 349696K, 99% used [0x00000000e0000000,0x00000000f557ffe8,0x00000000f5580000)
 Metaspace       used 62273K, committed 63360K, reserved 1105920K
  class space    used 6133K, committed 6592K, reserved 1048576K
GC Heap History (20 events):
Event: 1949.036 GC heap before
{Heap before GC invocations=1540 (full 1435):
 PSYoungGen      total 46592K, used 25087K [0x00000000f5580000, 0x00000000f9a00000, 0x0000000100000000)
  eden space 25088K, 99% used [0x00000000f5580000,0x00000000f6dfffc0,0x00000000f6e00000)
  from space 21504K, 0% used [0x00000000f8300000,0x00000000f8300000,0x00000000f9800000)
  to   space 21504K, 0% used [0x00000000f6e00000,0x00000000f6e00000,0x00000000f8300000)
 ParOldGen       total 349696K, used 349695K [0x00000000e0000000, 0x00000000f5580000, 0x00000000f5580000)
  object space 349696K, 99% used [0x00000000e0000000,0x00000000f557ffd0,0x00000000f5580000)
 Metaspace       used 62273K, committed 63360K, reserved 1105920K
  class space    used 6133K, committed 6592K, reserved 1048576K
}
Event: 1950.027 GC heap after
{Heap after GC invocations=1540 (full 1435):
 PSYoungGen      total 46592K, used 25087K [0x00000000f5580000, 0x00000000f9a00000, 0x0000000100000000)
  eden space 25088K, 99% used [0x00000000f5580000,0x00000000f6dfffc0,0x00000000f6e00000)
  from space 21504K, 0% used [0x00000000f6e00000,0x00000000f6e00000,0x00000000f8300000)
  to   space 21504K, 0% used [0x00000000f8300000,0x00000000f8300000,0x00000000f9800000)
 ParOldGen       total 349696K, used 349695K [0x00000000e0000000, 0x00000000f5580000, 0x00000000f5580000)
  object space 349696K, 99% used [0x00000000e0000000,0x00000000f557ffd0,0x00000000f5580000)
 Metaspace       used 62273K, committed 63360K, reserved 1105920K
  class space    used 6133K, committed 6592K, reserved 1048576K
}
Event: 1950.028 GC heap before
{Heap before GC invocations=1541 (full 1436):
 PSYoungGen      total 46592K, used 25087K [0x00000000f5580000, 0x00000000f9a00000, 0x0000000100000000)
  eden space 25088K, 99% used [0x00000000f5580000,0x00000000f6dffff8,0x00000000f6e00000)
  from space 21504K, 0% used [0x00000000f6e00000,0x00000000f6e00000,0x00000000f8300000)
  to   space 21504K, 0% used [0x00000000f8300000,0x00000000f8300000,0x00000000f9800000)
 ParOldGen       total 349696K, used 349695K [0x00000000e0000000, 0x00000000f5580000, 0x00000000f5580000)
  object space 349696K, 99% used [0x00000000e0000000,0x00000000f557fff0,0x00000000f5580000)
 Metaspace       used 62273K, committed 63360K, reserved 1105920K
  class space    used 6133K, committed 6592K, reserved 1048576K
}
Event: 1951.028 GC heap after
{Heap after GC invocations=1541 (full 1436):
 PSYoungGen      total 46592K, used 25087K [0x00000000f5580000, 0x00000000f9a00000, 0x0000000100000000)
  eden space 25088K, 99% used [0x00000000f5580000,0x00000000f6dffff8,0x00000000f6e00000)
  from space 21504K, 0% used [0x00000000f8300000,0x00000000f8300000,0x00000000f9800000)
  to   space 21504K, 0% used [0x00000000f6e00000,0x00000000f6e00000,0x00000000f8300000)
 ParOldGen       total 349696K, used 349695K [0x00000000e0000000, 0x00000000f5580000, 0x00000000f5580000)
  object space 349696K, 99% used [0x00000000e0000000,0x00000000f557ffb8,0x00000000f5580000)
 Metaspace       used 62273K, committed 63360K, reserved 1105920K
  class space    used 6133K, committed 6592K, reserved 1048576K
}
Event: 1951.028 GC heap before
{Heap before GC invocations=1542 (full 1437):
 PSYoungGen      total 46592K, used 25087K [0x00000000f5580000, 0x00000000f9a00000, 0x0000000100000000)
  eden space 25088K, 99% used [0x00000000f5580000,0x00000000f6dffff8,0x00000000f6e00000)
  from space 21504K, 0% used [0x00000000f8300000,0x00000000f8300000,0x00000000f9800000)
  to   space 21504K, 0% used [0x00000000f6e00000,0x00000000f6e00000,0x00000000f8300000)
 ParOldGen       total 349696K, used 349695K [0x00000000e0000000, 0x00000000f5580000, 0x00000000f5580000)
  object space 349696K, 99% used [0x00000000e0000000,0x00000000f557fff0,0x00000000f5580000)
 Metaspace       used 62273K, committed 63360K, reserved 1105920K
  class space    used 6133K, committed 6592K, reserved 1048576K
}
Event: 1952.199 GC heap after
{Heap after GC invocations=1542 (full 1437):
 PSYoungGen      total 46592K, used 25087K [0x00000000f5580000, 0x00000000f9a00000, 0x0000000100000000)
  eden space 25088K, 99% used [0x00000000f5580000,0x00000000f6dffff8,0x00000000f6e00000)
  from space 21504K, 0% used [0x00000000f6e00000,0x00000000f6e00000,0x00000000f8300000)
  to   space 21504K, 0% used [0x00000000f8300000,0x00000000f8300000,0x00000000f9800000)
 ParOldGen       total 349696K, used 349695K [0x00000000e0000000, 0x00000000f5580000, 0x00000000f5580000)
  object space 349696K, 99% used [0x00000000e0000000,0x00000000f557fff0,0x00000000f5580000)
 Metaspace       used 62273K, committed 63360K, reserved 1105920K
  class space    used 6133K, committed 6592K, reserved 1048576K
}
Event: 1952.199 GC heap before
{Heap before GC invocations=1543 (full 1438):
 PSYoungGen      total 46592K, used 25087K [0x00000000f5580000, 0x00000000f9a00000, 0x0000000100000000)
  eden space 25088K, 99% used [0x00000000f5580000,0x00000000f6dffff8,0x00000000f6e00000)
  from space 21504K, 0% used [0x00000000f6e00000,0x00000000f6e00000,0x00000000f8300000)
  to   space 21504K, 0% used [0x00000000f8300000,0x00000000f8300000,0x00000000f9800000)
 ParOldGen       total 349696K, used 349695K [0x00000000e0000000, 0x00000000f5580000, 0x00000000f5580000)
  object space 349696K, 99% used [0x00000000e0000000,0x00000000f557fff0,0x00000000f5580000)
 Metaspace       used 62273K, committed 63360K, reserved 1105920K
  class space    used 6133K, committed 6592K, reserved 1048576K
}
Event: 1953.333 GC heap after
{Heap after GC invocations=1543 (full 1438):
 PSYoungGen      total 46592K, used 25087K [0x00000000f5580000, 0x00000000f9a00000, 0x0000000100000000)
  eden space 25088K, 99% used [0x00000000f5580000,0x00000000f6dffff8,0x00000000f6e00000)
  from space 21504K, 0% used [0x00000000f8300000,0x00000000f8300000,0x00000000f9800000)
  to   space 21504K, 0% used [0x00000000f6e00000,0x00000000f6e00000,0x00000000f8300000)
 ParOldGen       total 349696K, used 349695K [0x00000000e0000000, 0x00000000f5580000, 0x00000000f5580000)
  object space 349696K, 99% used [0x00000000e0000000,0x00000000f557fff0,0x00000000f5580000)
 Metaspace       used 62273K, committed 63360K, reserved 1105920K
  class space    used 6133K, committed 6592K, reserved 1048576K
}
Event: 1953.336 GC heap before
{Heap before GC invocations=1544 (full 1439):
 PSYoungGen      total 46592K, used 25087K [0x00000000f5580000, 0x00000000f9a00000, 0x0000000100000000)
  eden space 25088K, 99% used [0x00000000f5580000,0x00000000f6dffff8,0x00000000f6e00000)
  from space 21504K, 0% used [0x00000000f8300000,0x00000000f8300000,0x00000000f9800000)
  to   space 21504K, 0% used [0x00000000f6e00000,0x00000000f6e00000,0x00000000f8300000)
 ParOldGen       total 349696K, used 349695K [0x00000000e0000000, 0x00000000f5580000, 0x00000000f5580000)
  object space 349696K, 99% used [0x00000000e0000000,0x00000000f557fff0,0x00000000f5580000)
 Metaspace       used 62273K, committed 63360K, reserved 1105920K
  class space    used 6133K, committed 6592K, reserved 1048576K
}
Event: 1954.616 GC heap after
{Heap after GC invocations=1544 (full 1439):
 PSYoungGen      total 46592K, used 25087K [0x00000000f5580000, 0x00000000f9a00000, 0x0000000100000000)
  eden space 25088K, 99% used [0x00000000f5580000,0x00000000f6dffff8,0x00000000f6e00000)
  from space 21504K, 0% used [0x00000000f6e00000,0x00000000f6e00000,0x00000000f8300000)
  to   space 21504K, 0% used [0x00000000f8300000,0x00000000f8300000,0x00000000f9800000)
 ParOldGen       total 349696K, used 349695K [0x00000000e0000000, 0x00000000f5580000, 0x00000000f5580000)
  object space 349696K, 99% used [0x00000000e0000000,0x00000000f557fff0,0x00000000f5580000)
 Metaspace       used 62273K, committed 63360K, reserved 1105920K
  class space    used 6133K, committed 6592K, reserved 1048576K
}
Event: 1954.617 GC heap before
{Heap before GC invocations=1545 (full 1440):
 PSYoungGen      total 46592K, used 25087K [0x00000000f5580000, 0x00000000f9a00000, 0x0000000100000000)
  eden space 25088K, 99% used [0x00000000f5580000,0x00000000f6dffff8,0x00000000f6e00000)
  from space 21504K, 0% used [0x00000000f6e00000,0x00000000f6e00000,0x00000000f8300000)
  to   space 21504K, 0% used [0x00000000f8300000,0x00000000f8300000,0x00000000f9800000)
 ParOldGen       total 349696K, used 349695K [0x00000000e0000000, 0x00000000f5580000, 0x00000000f5580000)
  object space 349696K, 99% used [0x00000000e0000000,0x00000000f557fff0,0x00000000f5580000)
 Metaspace       used 62273K, committed 63360K, reserved 1105920K
  class space    used 6133K, committed 6592K, reserved 1048576K
}
Event: 1955.643 GC heap after
{Heap after GC invocations=1545 (full 1440):
 PSYoungGen      total 46592K, used 25087K [0x00000000f5580000, 0x00000000f9a00000, 0x0000000100000000)
  eden space 25088K, 99% used [0x00000000f5580000,0x00000000f6dffff8,0x00000000f6e00000)
  from space 21504K, 0% used [0x00000000f8300000,0x00000000f8300000,0x00000000f9800000)
  to   space 21504K, 0% used [0x00000000f6e00000,0x00000000f6e00000,0x00000000f8300000)
 ParOldGen       total 349696K, used 349695K [0x00000000e0000000, 0x00000000f5580000, 0x00000000f5580000)
  object space 349696K, 99% used [0x00000000e0000000,0x00000000f557fff0,0x00000000f5580000)
 Metaspace       used 62273K, committed 63360K, reserved 1105920K
  class space    used 6133K, committed 6592K, reserved 1048576K
}
Event: 1955.643 GC heap before
{Heap before GC invocations=1546 (full 1441):
 PSYoungGen      total 46592K, used 25087K [0x00000000f5580000, 0x00000000f9a00000, 0x0000000100000000)
  eden space 25088K, 99% used [0x00000000f5580000,0x00000000f6dffff8,0x00000000f6e00000)
  from space 21504K, 0% used [0x00000000f8300000,0x00000000f8300000,0x00000000f9800000)
  to   space 21504K, 0% used [0x00000000f6e00000,0x00000000f6e00000,0x00000000f8300000)
 ParOldGen       total 349696K, used 349695K [0x00000000e0000000, 0x00000000f5580000, 0x00000000f5580000)
  object space 349696K, 99% used [0x00000000e0000000,0x00000000f557fff0,0x00000000f5580000)
 Metaspace       used 62273K, committed 63360K, reserved 1105920K
  class space    used 6133K, committed 6592K, reserved 1048576K
}
Event: 1956.738 GC heap after
{Heap after GC invocations=1546 (full 1441):
 PSYoungGen      total 46592K, used 25087K [0x00000000f5580000, 0x00000000f9a00000, 0x0000000100000000)
  eden space 25088K, 99% used [0x00000000f5580000,0x00000000f6dffff8,0x00000000f6e00000)
  from space 21504K, 0% used [0x00000000f6e00000,0x00000000f6e00000,0x00000000f8300000)
  to   space 21504K, 0% used [0x00000000f8300000,0x00000000f8300000,0x00000000f9800000)
 ParOldGen       total 349696K, used 349695K [0x00000000e0000000, 0x00000000f5580000, 0x00000000f5580000)
  object space 349696K, 99% used [0x00000000e0000000,0x00000000f557fff0,0x00000000f5580000)
 Metaspace       used 62273K, committed 63360K, reserved 1105920K
  class space    used 6133K, committed 6592K, reserved 1048576K
}
Event: 1956.738 GC heap before
{Heap before GC invocations=1547 (full 1442):
 PSYoungGen      total 46592K, used 25087K [0x00000000f5580000, 0x00000000f9a00000, 0x0000000100000000)
  eden space 25088K, 99% used [0x00000000f5580000,0x00000000f6dffff8,0x00000000f6e00000)
  from space 21504K, 0% used [0x00000000f6e00000,0x00000000f6e00000,0x00000000f8300000)
  to   space 21504K, 0% used [0x00000000f8300000,0x00000000f8300000,0x00000000f9800000)
 ParOldGen       total 349696K, used 349695K [0x00000000e0000000, 0x00000000f5580000, 0x00000000f5580000)
  object space 349696K, 99% used [0x00000000e0000000,0x00000000f557fff0,0x00000000f5580000)
 Metaspace       used 62273K, committed 63360K, reserved 1105920K
  class space    used 6133K, committed 6592K, reserved 1048576K
}
Event: 1957.936 GC heap after
{Heap after GC invocations=1547 (full 1442):
 PSYoungGen      total 46592K, used 25087K [0x00000000f5580000, 0x00000000f9a00000, 0x0000000100000000)
  eden space 25088K, 99% used [0x00000000f5580000,0x00000000f6dffff8,0x00000000f6e00000)
  from space 21504K, 0% used [0x00000000f8300000,0x00000000f8300000,0x00000000f9800000)
  to   space 21504K, 0% used [0x00000000f6e00000,0x00000000f6e00000,0x00000000f8300000)
 ParOldGen       total 349696K, used 349695K [0x00000000e0000000, 0x00000000f5580000, 0x00000000f5580000)
  object space 349696K, 99% used [0x00000000e0000000,0x00000000f557fff0,0x00000000f5580000)
 Metaspace       used 62273K, committed 63360K, reserved 1105920K
  class space    used 6133K, committed 6592K, reserved 1048576K
}
Event: 1957.936 GC heap before
{Heap before GC invocations=1548 (full 1443):
 PSYoungGen      total 46592K, used 25087K [0x00000000f5580000, 0x00000000f9a00000, 0x0000000100000000)
  eden space 25088K, 99% used [0x00000000f5580000,0x00000000f6dffff8,0x00000000f6e00000)
  from space 21504K, 0% used [0x00000000f8300000,0x00000000f8300000,0x00000000f9800000)
  to   space 21504K, 0% used [0x00000000f6e00000,0x00000000f6e00000,0x00000000f8300000)
 ParOldGen       total 349696K, used 349695K [0x00000000e0000000, 0x00000000f5580000, 0x00000000f5580000)
  object space 349696K, 99% used [0x00000000e0000000,0x00000000f557fff0,0x00000000f5580000)
 Metaspace       used 62273K, committed 63360K, reserved 1105920K
  class space    used 6133K, committed 6592K, reserved 1048576K
}
Event: 1959.063 GC heap after
{Heap after GC invocations=1548 (full 1443):
 PSYoungGen      total 46592K, used 25087K [0x00000000f5580000, 0x00000000f9a00000, 0x0000000100000000)
  eden space 25088K, 99% used [0x00000000f5580000,0x00000000f6dffff8,0x00000000f6e00000)
  from space 21504K, 0% used [0x00000000f6e00000,0x00000000f6e00000,0x00000000f8300000)
  to   space 21504K, 0% used [0x00000000f8300000,0x00000000f8300000,0x00000000f9800000)
 ParOldGen       total 349696K, used 349695K [0x00000000e0000000, 0x00000000f5580000, 0x00000000f5580000)
  object space 349696K, 99% used [0x00000000e0000000,0x00000000f557ffd0,0x00000000f5580000)
 Metaspace       used 62273K, committed 63360K, reserved 1105920K
  class space    used 6133K, committed 6592K, reserved 1048576K
}
Event: 1959.063 GC heap before
{Heap before GC invocations=1549 (full 1444):
 PSYoungGen      total 46592K, used 25087K [0x00000000f5580000, 0x00000000f9a00000, 0x0000000100000000)
  eden space 25088K, 99% used [0x00000000f5580000,0x00000000f6dffff8,0x00000000f6e00000)
  from space 21504K, 0% used [0x00000000f6e00000,0x00000000f6e00000,0x00000000f8300000)
  to   space 21504K, 0% used [0x00000000f8300000,0x00000000f8300000,0x00000000f9800000)
 ParOldGen       total 349696K, used 349695K [0x00000000e0000000, 0x00000000f5580000, 0x00000000f5580000)
  object space 349696K, 99% used [0x00000000e0000000,0x00000000f557ffd0,0x00000000f5580000)
 Metaspace       used 62273K, committed 63360K, reserved 1105920K
  class space    used 6133K, committed 6592K, reserved 1048576K
}
Event: 1960.227 GC heap after
{Heap after GC invocations=1549 (full 1444):
 PSYoungGen      total 46592K, used 25087K [0x00000000f5580000, 0x00000000f9a00000, 0x0000000100000000)
  eden space 25088K, 99% used [0x00000000f5580000,0x00000000f6dffff8,0x00000000f6e00000)
  from space 21504K, 0% used [0x00000000f8300000,0x00000000f8300000,0x00000000f9800000)
  to   space 21504K, 0% used [0x00000000f6e00000,0x00000000f6e00000,0x00000000f8300000)
 ParOldGen       total 349696K, used 349695K [0x00000000e0000000, 0x00000000f5580000, 0x00000000f5580000)
  object space 349696K, 99% used [0x00000000e0000000,0x00000000f557ffd0,0x00000000f5580000)
 Metaspace       used 62273K, committed 63360K, reserved 1105920K
  class space    used 6133K, committed 6592K, reserved 1048576K
}

